<?xml version="1.0" encoding="UTF-8"?>
<!-- Generated by org.testng.reporters.JUnitReportReporter -->
<testsuite hostname="DESKTOP-VUSUSRP" failures="0" tests="1" name="com.testscenarios.fbText" time="4.075" errors="0" timestamp="2022-03-15T17:22:05 EDT" skipped="0">
  <testcase classname="com.testscenarios.fbText" name="f" time="4.075"/>
  <system-out/>
</testsuite> <!-- com.testscenarios.fbText -->
