<?xml version="1.0" encoding="UTF-8"?>
<!-- Generated by org.testng.reporters.JUnitReportReporter -->
<testsuite hostname="DESKTOP-VUSUSRP" failures="0" tests="1" name="com.testscenarios.demoqa" time="48.714" errors="0" timestamp="2022-03-15T20:41:07 EDT" skipped="0">
  <testcase classname="com.testscenarios.demoqa" name="f" time="48.714"/>
  <system-out/>
</testsuite> <!-- com.testscenarios.demoqa -->
