<?xml version="1.0" encoding="UTF-8"?>
<!-- Generated by org.testng.reporters.JUnitReportReporter -->
<testsuite hostname="DESKTOP-VUSUSRP" failures="0" tests="1" name="com.testscenarios.FBEmailEdit" time="3.950" errors="0" timestamp="2022-03-15T20:57:06 EDT" skipped="0">
  <testcase classname="com.testscenarios.FBEmailEdit" name="f" time="3.950"/>
  <system-out/>
</testsuite> <!-- com.testscenarios.FBEmailEdit -->
